<?xml version="1.0" encoding="windows-1252" standalone="no"?>
<!DOCTYPE log SYSTEM "logger.dtd">
<log>
<record>
  <date>2021-03-05T00:21:55.680323800Z</date>
  <millis>1614903715680</millis>
  <nanos>323800</nanos>
  <sequence>0</sequence>
  <logger>edu.neu.csye6200.agency.VehicleRegistry</logger>
  <level>INFO</level>
  <class>edu.neu.csye6200.agency.VehicleRegistry</class>
  <method>add</method>
  <thread>1</thread>
  <message>Added a vehicle</message>
</record>
<record>
  <date>2021-03-05T00:21:55.796328800Z</date>
  <millis>1614903715796</millis>
  <nanos>328800</nanos>
  <sequence>1</sequence>
  <logger>edu.neu.csye6200.agency.VehicleRegistry</logger>
  <level>INFO</level>
  <class>edu.neu.csye6200.agency.VehicleRegistry</class>
  <method>add</method>
  <thread>1</thread>
  <message>Added a vehicle</message>
</record>
<record>
  <date>2021-03-05T00:21:55.797328400Z</date>
  <millis>1614903715797</millis>
  <nanos>328400</nanos>
  <sequence>2</sequence>
  <logger>edu.neu.csye6200.agency.VehicleRegistry</logger>
  <level>INFO</level>
  <class>edu.neu.csye6200.agency.VehicleRegistry</class>
  <method>add</method>
  <thread>1</thread>
  <message>Added a vehicle</message>
</record>
<record>
  <date>2021-03-05T00:21:55.799326Z</date>
  <millis>1614903715799</millis>
  <nanos>326000</nanos>
  <sequence>3</sequence>
  <logger>edu.neu.csye6200.agency.VehicleRegistry</logger>
  <level>INFO</level>
  <class>edu.neu.csye6200.agency.VehicleRegistry</class>
  <method>add</method>
  <thread>1</thread>
  <message>Added a vehicle</message>
</record>
<record>
  <date>2021-03-05T00:21:55.799326Z</date>
  <millis>1614903715799</millis>
  <nanos>326000</nanos>
  <sequence>4</sequence>
  <logger>edu.neu.csye6200.agency.VehicleRegistry</logger>
  <level>INFO</level>
  <class>edu.neu.csye6200.agency.VehicleRegistry</class>
  <method>add</method>
  <thread>1</thread>
  <message>Added a vehicle</message>
</record>
<record>
  <date>2021-03-05T00:21:55.800327Z</date>
  <millis>1614903715800</millis>
  <nanos>327000</nanos>
  <sequence>5</sequence>
  <logger>edu.neu.csye6200.agency.VehicleRegistry</logger>
  <level>INFO</level>
  <class>edu.neu.csye6200.agency.VehicleRegistry</class>
  <method>add</method>
  <thread>1</thread>
  <message>Added a vehicle</message>
</record>
<record>
  <date>2021-03-05T00:21:55.801326700Z</date>
  <millis>1614903715801</millis>
  <nanos>326700</nanos>
  <sequence>6</sequence>
  <logger>edu.neu.csye6200.agency.VehicleRegistry</logger>
  <level>INFO</level>
  <class>edu.neu.csye6200.agency.VehicleRegistry</class>
  <method>add</method>
  <thread>1</thread>
  <message>Added a vehicle</message>
</record>
<record>
  <date>2021-03-05T00:21:55.802340Z</date>
  <millis>1614903715802</millis>
  <nanos>340000</nanos>
  <sequence>7</sequence>
  <logger>edu.neu.csye6200.agency.VehicleRegistry</logger>
  <level>INFO</level>
  <class>edu.neu.csye6200.agency.VehicleRegistry</class>
  <method>add</method>
  <thread>1</thread>
  <message>Added a vehicle</message>
</record>
<record>
  <date>2021-03-05T00:21:55.803329800Z</date>
  <millis>1614903715803</millis>
  <nanos>329800</nanos>
  <sequence>8</sequence>
  <logger>edu.neu.csye6200.agency.VehicleRegistry</logger>
  <level>INFO</level>
  <class>edu.neu.csye6200.agency.VehicleRegistry</class>
  <method>add</method>
  <thread>1</thread>
  <message>Added a vehicle</message>
</record>
<record>
  <date>2021-03-05T00:21:55.805325200Z</date>
  <millis>1614903715805</millis>
  <nanos>325200</nanos>
  <sequence>9</sequence>
  <logger>edu.neu.csye6200.agency.VehicleRegistry</logger>
  <level>INFO</level>
  <class>edu.neu.csye6200.agency.VehicleRegistry</class>
  <method>add</method>
  <thread>1</thread>
  <message>Added a vehicle</message>
</record>
<record>
  <date>2021-03-05T00:21:55.805325200Z</date>
  <millis>1614903715805</millis>
  <nanos>325200</nanos>
  <sequence>10</sequence>
  <logger>edu.neu.csye6200.agency.VehicleRegistry</logger>
  <level>INFO</level>
  <class>edu.neu.csye6200.agency.VehicleRegistry</class>
  <method>add</method>
  <thread>1</thread>
  <message>Added a vehicle</message>
</record>
<record>
  <date>2021-03-05T00:21:55.806325200Z</date>
  <millis>1614903715806</millis>
  <nanos>325200</nanos>
  <sequence>11</sequence>
  <logger>edu.neu.csye6200.agency.VehicleRegistry</logger>
  <level>INFO</level>
  <class>edu.neu.csye6200.agency.VehicleRegistry</class>
  <method>remove</method>
  <thread>1</thread>
  <message>Removed a vehicle</message>
</record>
<record>
  <date>2021-03-05T00:21:55.874327600Z</date>
  <millis>1614903715874</millis>
  <nanos>327600</nanos>
  <sequence>12</sequence>
  <logger>edu.neu.csye6200.agency.RentalAgencyIO</logger>
  <level>INFO</level>
  <class>edu.neu.csye6200.agency.RentalAgencyIO</class>
  <method>save</method>
  <thread>1</thread>
  <message>Saved registry to file</message>
</record>
<record>
  <date>2021-03-05T00:21:55.887324Z</date>
  <millis>1614903715887</millis>
  <nanos>324000</nanos>
  <sequence>13</sequence>
  <logger>edu.neu.csye6200.agency.VehicleRegistry</logger>
  <level>INFO</level>
  <class>edu.neu.csye6200.agency.VehicleRegistry</class>
  <method>add</method>
  <thread>1</thread>
  <message>Added a vehicle</message>
</record>
<record>
  <date>2021-03-05T00:21:55.888323400Z</date>
  <millis>1614903715888</millis>
  <nanos>323400</nanos>
  <sequence>14</sequence>
  <logger>edu.neu.csye6200.agency.VehicleRegistry</logger>
  <level>INFO</level>
  <class>edu.neu.csye6200.agency.VehicleRegistry</class>
  <method>add</method>
  <thread>1</thread>
  <message>Added a vehicle</message>
</record>
<record>
  <date>2021-03-05T00:21:55.889324100Z</date>
  <millis>1614903715889</millis>
  <nanos>324100</nanos>
  <sequence>15</sequence>
  <logger>edu.neu.csye6200.agency.VehicleRegistry</logger>
  <level>INFO</level>
  <class>edu.neu.csye6200.agency.VehicleRegistry</class>
  <method>add</method>
  <thread>1</thread>
  <message>Added a vehicle</message>
</record>
<record>
  <date>2021-03-05T00:21:55.889324100Z</date>
  <millis>1614903715889</millis>
  <nanos>324100</nanos>
  <sequence>16</sequence>
  <logger>edu.neu.csye6200.agency.VehicleRegistry</logger>
  <level>INFO</level>
  <class>edu.neu.csye6200.agency.VehicleRegistry</class>
  <method>add</method>
  <thread>1</thread>
  <message>Added a vehicle</message>
</record>
<record>
  <date>2021-03-05T00:21:55.890340100Z</date>
  <millis>1614903715890</millis>
  <nanos>340100</nanos>
  <sequence>17</sequence>
  <logger>edu.neu.csye6200.agency.VehicleRegistry</logger>
  <level>INFO</level>
  <class>edu.neu.csye6200.agency.VehicleRegistry</class>
  <method>add</method>
  <thread>1</thread>
  <message>Added a vehicle</message>
</record>
<record>
  <date>2021-03-05T00:21:55.891325600Z</date>
  <millis>1614903715891</millis>
  <nanos>325600</nanos>
  <sequence>18</sequence>
  <logger>edu.neu.csye6200.agency.VehicleRegistry</logger>
  <level>INFO</level>
  <class>edu.neu.csye6200.agency.VehicleRegistry</class>
  <method>add</method>
  <thread>1</thread>
  <message>Added a vehicle</message>
</record>
<record>
  <date>2021-03-05T00:21:55.892331700Z</date>
  <millis>1614903715892</millis>
  <nanos>331700</nanos>
  <sequence>19</sequence>
  <logger>edu.neu.csye6200.agency.VehicleRegistry</logger>
  <level>INFO</level>
  <class>edu.neu.csye6200.agency.VehicleRegistry</class>
  <method>add</method>
  <thread>1</thread>
  <message>Added a vehicle</message>
</record>
<record>
  <date>2021-03-05T00:21:55.893324700Z</date>
  <millis>1614903715893</millis>
  <nanos>324700</nanos>
  <sequence>20</sequence>
  <logger>edu.neu.csye6200.agency.VehicleRegistry</logger>
  <level>INFO</level>
  <class>edu.neu.csye6200.agency.VehicleRegistry</class>
  <method>add</method>
  <thread>1</thread>
  <message>Added a vehicle</message>
</record>
<record>
  <date>2021-03-05T00:21:55.893324700Z</date>
  <millis>1614903715893</millis>
  <nanos>324700</nanos>
  <sequence>21</sequence>
  <logger>edu.neu.csye6200.agency.VehicleRegistry</logger>
  <level>INFO</level>
  <class>edu.neu.csye6200.agency.VehicleRegistry</class>
  <method>add</method>
  <thread>1</thread>
  <message>Added a vehicle</message>
</record>
<record>
  <date>2021-03-05T00:21:55.894327Z</date>
  <millis>1614903715894</millis>
  <nanos>327000</nanos>
  <sequence>22</sequence>
  <logger>edu.neu.csye6200.agency.VehicleRegistry</logger>
  <level>INFO</level>
  <class>edu.neu.csye6200.agency.VehicleRegistry</class>
  <method>add</method>
  <thread>1</thread>
  <message>Added a vehicle</message>
</record>
<record>
  <date>2021-03-05T00:21:55.895325600Z</date>
  <millis>1614903715895</millis>
  <nanos>325600</nanos>
  <sequence>23</sequence>
  <logger>edu.neu.csye6200.agency.RentalAgencyIO</logger>
  <level>INFO</level>
  <class>edu.neu.csye6200.agency.RentalAgencyIO</class>
  <method>load</method>
  <thread>1</thread>
  <message>Loaded registry from file</message>
</record>
</log>
